manifest-merger-release-report.txt
-- Merging decision tree log ---
manifest
ADDED from AndroidManifest.xml:2:1
	package
		ADDED from AndroidManifest.xml:3:7
	android:versionName
		ADDED from AndroidManifest.xml:5:7
	android:versionCode
		ADDED from AndroidManifest.xml:4:7
		INJECTED from AndroidManifest.xml:0:0
		INJECTED from AndroidManifest.xml:0:0
	xmlns:android
		ADDED from AndroidManifest.xml:2:11
uses-sdk
ADDED from AndroidManifest.xml:6:5
MERGED from com.android.support:appcompat-v7:22.2.0:20:5
MERGED from com.android.support:support-v4:22.2.0:20:5
MERGED from com.android.support:support-v4:22.2.0:20:5
	android:targetSdkVersion
		ADDED from AndroidManifest.xml:6:42
	android:minSdkVersion
		ADDED from AndroidManifest.xml:6:15
uses-permission#android.permission.INTERNET
ADDED from AndroidManifest.xml:7:5
	android:name
		ADDED from AndroidManifest.xml:7:22
uses-permission#android.permission.ACCESS_NETWORK_STATE
ADDED from AndroidManifest.xml:8:2
	android:name
		ADDED from AndroidManifest.xml:8:19
application
ADDED from AndroidManifest.xml:10:5
MERGED from com.android.support:appcompat-v7:22.2.0:22:5
MERGED from com.android.support:support-v4:22.2.0:22:5
MERGED from com.android.support:support-v4:22.2.0:22:5
	android:label
		ADDED from AndroidManifest.xml:10:55
	android:allowBackup
		ADDED from AndroidManifest.xml:10:88
	android:icon
		ADDED from AndroidManifest.xml:10:18
	android:theme
		ADDED from AndroidManifest.xml:10:115
activity#cl.webinc.benderand.Main
ADDED from AndroidManifest.xml:12:9
	android:screenOrientation
		ADDED from AndroidManifest.xml:13:13
	android:name
		ADDED from AndroidManifest.xml:12:19
intent-filter#android.intent.action.MAIN+android.intent.category.LAUNCHER
ADDED from AndroidManifest.xml:14:13
action#android.intent.action.MAIN
ADDED from AndroidManifest.xml:15:17
	android:name
		ADDED from AndroidManifest.xml:15:25
category#android.intent.category.LAUNCHER
ADDED from AndroidManifest.xml:16:17
	android:name
		ADDED from AndroidManifest.xml:16:27
activity#cl.webinc.benderand.ServerSelector
ADDED from AndroidManifest.xml:19:9
	android:screenOrientation
		ADDED from AndroidManifest.xml:19:50
	android:name
		ADDED from AndroidManifest.xml:19:19
activity#cl.webinc.benderand.Login
ADDED from AndroidManifest.xml:20:9
	android:screenOrientation
		ADDED from AndroidManifest.xml:20:41
	android:name
		ADDED from AndroidManifest.xml:20:19
activity#cl.webinc.benderand.Registro
ADDED from AndroidManifest.xml:21:9
	android:screenOrientation
		ADDED from AndroidManifest.xml:21:44
	android:name
		ADDED from AndroidManifest.xml:21:19
activity#cl.webinc.benderand.Bodega
ADDED from AndroidManifest.xml:22:9
	android:screenOrientation
		ADDED from AndroidManifest.xml:22:42
	android:name
		ADDED from AndroidManifest.xml:22:19
activity#cl.webinc.benderand.Usuario
ADDED from AndroidManifest.xml:23:9
	android:screenOrientation
		ADDED from AndroidManifest.xml:23:43
	android:name
		ADDED from AndroidManifest.xml:23:19
activity#cl.webinc.benderand.Dashboard
ADDED from AndroidManifest.xml:24:9
	android:screenOrientation
		ADDED from AndroidManifest.xml:24:45
	android:name
		ADDED from AndroidManifest.xml:24:19
activity#cl.webinc.benderand.DashboardAdministracion
ADDED from AndroidManifest.xml:25:9
	android:screenOrientation
		ADDED from AndroidManifest.xml:25:59
	android:name
		ADDED from AndroidManifest.xml:25:19
activity#cl.webinc.benderand.crud.EmpresaList
ADDED from AndroidManifest.xml:26:9
	android:screenOrientation
		ADDED from AndroidManifest.xml:26:52
	android:name
		ADDED from AndroidManifest.xml:26:19
activity#cl.webinc.benderand.DashboardFinanzas
ADDED from AndroidManifest.xml:27:9
	android:screenOrientation
		ADDED from AndroidManifest.xml:27:53
	android:name
		ADDED from AndroidManifest.xml:27:19
activity#cl.webinc.benderand.DashboardLogistica
ADDED from AndroidManifest.xml:28:9
	android:screenOrientation
		ADDED from AndroidManifest.xml:28:54
	android:name
		ADDED from AndroidManifest.xml:28:19
activity#cl.webinc.benderand.Vender
ADDED from AndroidManifest.xml:29:9
	android:screenOrientation
		ADDED from AndroidManifest.xml:29:42
	android:name
		ADDED from AndroidManifest.xml:29:19
activity#cl.webinc.benderand.IngresoList
ADDED from AndroidManifest.xml:30:9
	android:screenOrientation
		ADDED from AndroidManifest.xml:30:47
	android:name
		ADDED from AndroidManifest.xml:30:19
activity#cl.webinc.benderand.DetalleVenta
ADDED from AndroidManifest.xml:31:9
	android:screenOrientation
		ADDED from AndroidManifest.xml:31:48
	android:name
		ADDED from AndroidManifest.xml:31:19
activity#cl.webinc.benderand.Comprar
ADDED from AndroidManifest.xml:32:9
	android:screenOrientation
		ADDED from AndroidManifest.xml:32:43
	android:name
		ADDED from AndroidManifest.xml:32:19
activity#cl.webinc.benderand.EgresoList
ADDED from AndroidManifest.xml:33:9
	android:screenOrientation
		ADDED from AndroidManifest.xml:33:46
	android:name
		ADDED from AndroidManifest.xml:33:19
activity#cl.webinc.benderand.DetalleCompra
ADDED from AndroidManifest.xml:34:9
	android:screenOrientation
		ADDED from AndroidManifest.xml:34:49
	android:name
		ADDED from AndroidManifest.xml:34:19
activity#cl.webinc.benderand.crud.VentaEditor
ADDED from AndroidManifest.xml:35:9
	android:screenOrientation
		ADDED from AndroidManifest.xml:35:52
	android:name
		ADDED from AndroidManifest.xml:35:19
activity#cl.webinc.benderand.DashboardDatos
ADDED from AndroidManifest.xml:36:9
	android:screenOrientation
		ADDED from AndroidManifest.xml:36:50
	android:name
		ADDED from AndroidManifest.xml:36:19
activity#cl.webinc.benderand.ProductoList
ADDED from AndroidManifest.xml:37:9
	android:screenOrientation
		ADDED from AndroidManifest.xml:37:48
	android:name
		ADDED from AndroidManifest.xml:37:19
activity#cl.webinc.benderand.ListaProductos
ADDED from AndroidManifest.xml:38:9
	android:screenOrientation
		ADDED from AndroidManifest.xml:38:50
	android:name
		ADDED from AndroidManifest.xml:38:19
activity#cl.webinc.benderand.ListaProductosCompra
ADDED from AndroidManifest.xml:39:9
	android:screenOrientation
		ADDED from AndroidManifest.xml:39:56
	android:name
		ADDED from AndroidManifest.xml:39:19
activity#cl.webinc.benderand.ProductocompraEditor
ADDED from AndroidManifest.xml:40:9
	android:screenOrientation
		ADDED from AndroidManifest.xml:40:56
	android:name
		ADDED from AndroidManifest.xml:40:19
activity#cl.webinc.benderand.Productoeditor
ADDED from AndroidManifest.xml:41:9
	android:screenOrientation
		ADDED from AndroidManifest.xml:41:50
	android:name
		ADDED from AndroidManifest.xml:41:19
provider#cl.webinc.benderand.provider.Provider
ADDED from AndroidManifest.xml:43:9
	android:authorities
		ADDED from AndroidManifest.xml:47:10
	android:grantUriPermissions
		ADDED from AndroidManifest.xml:45:13
	android:permission
		ADDED from AndroidManifest.xml:46:13
	android:name
		ADDED from AndroidManifest.xml:44:13
android:uses-permission#android.permission.WRITE_EXTERNAL_STORAGE
IMPLIED from AndroidManifest.xml:2:1 reason: com.echo.holographlibrary has a targetSdkVersion < 4
android:uses-permission#android.permission.READ_PHONE_STATE
IMPLIED from AndroidManifest.xml:2:1 reason: com.echo.holographlibrary has a targetSdkVersion < 4
android:uses-permission#android.permission.READ_EXTERNAL_STORAGE
IMPLIED from AndroidManifest.xml:2:1 reason: com.echo.holographlibrary requested WRITE_EXTERNAL_STORAGE